0 info it worked if it ends with ok
1 verbose cli [ '/Users/chengyongliu/.nvm/versions/node/v7.1.0/bin/node',
1 verbose cli   '/Users/chengyongliu/.nvm/versions/node/v7.1.0/bin/npm',
1 verbose cli   'run',
1 verbose cli   'start' ]
2 info using npm@3.10.9
3 info using node@v7.1.0
4 verbose run-script [ 'prestart', 'start', 'poststart' ]
5 info lifecycle group-buying-activity@0.0.1~prestart: group-buying-activity@0.0.1
6 silly lifecycle group-buying-activity@0.0.1~prestart: no script for prestart, continuing
7 info lifecycle group-buying-activity@0.0.1~start: group-buying-activity@0.0.1
8 verbose lifecycle group-buying-activity@0.0.1~start: unsafe-perm in lifecycle true
9 verbose lifecycle group-buying-activity@0.0.1~start: PATH: /Users/chengyongliu/.nvm/versions/node/v7.1.0/lib/node_modules/npm/bin/node-gyp-bin:/Users/chengyongliu/zongjie/fe-activitys/groupon/node_modules/.bin:/Users/chengyongliu/.nvm/versions/node/v7.1.0/bin:/usr/local/bin:/usr/bin:/bin:/usr/sbin:/sbin:/usr/local/mysql/bin:/Users/chengyongliu/ApacheTomcat/bin
10 verbose lifecycle group-buying-activity@0.0.1~start: CWD: /Users/chengyongliu/zongjie/fe-activitys/groupon
11 silly lifecycle group-buying-activity@0.0.1~start: Args: [ '-c', 'gulp --gulpfile gulp/dev.js dev' ]
12 silly lifecycle group-buying-activity@0.0.1~start: Returned: code: 1  signal: null
13 info lifecycle group-buying-activity@0.0.1~start: Failed to exec start script
14 verbose stack Error: group-buying-activity@0.0.1 start: `gulp --gulpfile gulp/dev.js dev`
14 verbose stack Exit status 1
14 verbose stack     at EventEmitter.<anonymous> (/Users/chengyongliu/.nvm/versions/node/v7.1.0/lib/node_modules/npm/lib/utils/lifecycle.js:255:16)
14 verbose stack     at emitTwo (events.js:106:13)
14 verbose stack     at EventEmitter.emit (events.js:191:7)
14 verbose stack     at ChildProcess.<anonymous> (/Users/chengyongliu/.nvm/versions/node/v7.1.0/lib/node_modules/npm/lib/utils/spawn.js:40:14)
14 verbose stack     at emitTwo (events.js:106:13)
14 verbose stack     at ChildProcess.emit (events.js:191:7)
14 verbose stack     at maybeClose (internal/child_process.js:885:16)
14 verbose stack     at Process.ChildProcess._handle.onexit (internal/child_process.js:226:5)
15 verbose pkgid group-buying-activity@0.0.1
16 verbose cwd /Users/chengyongliu/zongjie/fe-activitys/groupon
17 error Darwin 17.4.0
18 error argv "/Users/chengyongliu/.nvm/versions/node/v7.1.0/bin/node" "/Users/chengyongliu/.nvm/versions/node/v7.1.0/bin/npm" "run" "start"
19 error node v7.1.0
20 error npm  v3.10.9
21 error code ELIFECYCLE
22 error group-buying-activity@0.0.1 start: `gulp --gulpfile gulp/dev.js dev`
22 error Exit status 1
23 error Failed at the group-buying-activity@0.0.1 start script 'gulp --gulpfile gulp/dev.js dev'.
23 error Make sure you have the latest version of node.js and npm installed.
23 error If you do, this is most likely a problem with the group-buying-activity package,
23 error not with npm itself.
23 error Tell the author that this fails on your system:
23 error     gulp --gulpfile gulp/dev.js dev
23 error You can get information on how to open an issue for this project with:
23 error     npm bugs group-buying-activity
23 error Or if that isn't available, you can get their info via:
23 error     npm owner ls group-buying-activity
23 error There is likely additional logging output above.
24 verbose exit [ 1, true ]
